<?xml version="1.0" encoding="UTF-8"?>
<testsuite name="Login Test"
           tests="3"
           failures="0"
           errors="0"
           skipped="0"
           time="3.107">
  <properties />
  
  
            <testcase name="anAustralianComingToUKForTourism" time="0.865" classname="gov.uk.check.visa.testsuite.VisaConfirmationTest" />
                <testcase name="aChileanComingToTheUKForWorkAndPlansOnStayingForLongerThanSixMonths" time="1.063" classname="gov.uk.check.visa.testsuite.VisaConfirmationTest" />
                <testcase name="aColumbianNationalComingToTheUKToJoinAPartnerForALongStayTheyDoHaveAnArticle10Or20Card" time="1.179" classname="gov.uk.check.visa.testsuite.VisaConfirmationTest" />
      
</testsuite>
